<?xml version="1.0"?><coverage lines-covered="1" lines-valid="2" line-rate="0.5" branches-covered="0" branches-valid="0" branch-rate="0" complexity="0" version="1.9" timestamp="1758263509"><sources><source>/home/cagedbird/Projects/Company/pipa_rs</source></sources><packages><package name="crates/pipa_cli/src" line-rate="0.5" branch-rate="0" complexity="0"><classes><class name="main" filename="crates/pipa_cli/src/main.rs" line-rate="0.5" branch-rate="0" complexity="0"><methods/><lines><line number="1" hits="1"/><line number="2" hits="0"/></lines></class></classes></package></packages></coverage>
